Array
(
    [id_motivaus] => 14
    [frase] => www2
    [estado] => 1
    [edit_phrase] => 
)
Array
(
    [id_motivaus] => 14
    [frase] => www2
    [estado] => 1
    [edit_phrase] => 
)
Array
(
    [id_motivaus] => 14
    [frase] => www2
    [estado] => 1
    [edit_phrase] => 
)
Array
(
    [id_motivaus] => 14
    [frase] => www2
    [estado] => 1
    [edit_phrase] => 
)
Array
(
    [id_motivaus] => 14
    [frase] => www2
    [estado] => 1
    [edit_phrase] => 
)
Array
(
    [id_motivaus] => 14
    [frase] => www2
    [estado] => 1
    [edit_phrase] => 
)
Array
(
    [id_motivaus] => 14
    [frase] => www2
    [estado] => 1
    [edit_phrase] => 
)
Array
(
    [id_motivaus] => 14
    [frase] => www2
    [estado] => 1
    [edit_phrase] => 
)
